<html>
<head>
<title>TestNG:  a-t1</title>
<link href="../testng.css" rel="stylesheet" type="text/css" />
<link href="../my-testng.css" rel="stylesheet" type="text/css" />

<style type="text/css">
.log { display: none;} 
.stack-trace { display: none;} 
</style>
<script type="text/javascript">
<!--
function flip(e) {
  current = e.style.display;
  if (current == 'block') {
    e.style.display = 'none';
    return 0;
  }
  else {
    e.style.display = 'block';
    return 1;
  }
}

function toggleBox(szDivId, elem, msg1, msg2)
{
  var res = -1;  if (document.getElementById) {
    res = flip(document.getElementById(szDivId));
  }
  else if (document.all) {
    // this is the way old msie versions work
    res = flip(document.all[szDivId]);
  }
  if(elem) {
    if(res == 0) elem.innerHTML = msg1; else elem.innerHTML = msg2;
  }

}

function toggleAllBoxes() {
  if (document.getElementsByTagName) {
    d = document.getElementsByTagName('div');
    for (i = 0; i < d.length; i++) {
      if (d[i].className == 'log') {
        flip(d[i]);
      }
    }
  }
}

// -->
</script>

</head>
<body>
<h2 align='center'>a-t1</h2><table border='1' align="center">
<tr>
<td>Tests passed/Failed/Skipped:</td><td>0/1/0</td>
</tr><tr>
<td>Started on:</td><td>Mon Oct 23 07:17:40 IST 2017</td>
</tr>
<tr><td>Total time:</td><td>251 seconds (251201 ms)</td>
</tr><tr>
<td>Included groups:</td><td></td>
</tr><tr>
<td>Excluded groups:</td><td></td>
</tr>
</table><p/>
<small><i>(Hover the method name to see the test class name)</i></small><p/>
<table width='100%' border='1' class='invocation-failed'>
<tr><td colspan='4' align='center'><b>FAILED TESTS</b></td></tr>
<tr><td><b>Test method</b></td>
<td width="30%"><b>Exception</b></td>
<td width="10%"><b>Time (seconds)</b></td>
<td><b>Instance</b></td>
</tr>
<tr>
<td title='com.imaginea.assignment.specs.MobilesSpec.getMobiles()'><b>getMobiles</b><br>Test class: com.imaginea.assignment.specs.MobilesSpec</td>
<td><div><pre>org.openqa.selenium.WebDriverException: An unknown server-side error occurred while processing the command. (WARNING: The server did not provide any stacktrace information)
Command duration or timeout: 1.66 seconds
Build info: version: &apos;3.0.1&apos;, revision: &apos;1969d75&apos;, time: &apos;2016-10-18 09:49:13 -0700&apos;
System info: host: &apos;PRINHYLTPDL0795&apos;, ip: &apos;192.168.153.1&apos;, os.name: &apos;Windows 8.1&apos;, os.arch: &apos;amd64&apos;, os.version: &apos;6.3&apos;, java.version: &apos;1.8.0_101&apos;
Driver info: io.appium.java_client.android.AndroidDriver
Capabilities [{appPackage=com.flipkart.android, deviceScreenSize=1080x1920, networkConnectionEnabled=true, warnings={}, databaseEnabled=false, deviceName=192.168.19.101:5555, platform=LINUX, deviceUDID=192.168.19.101:5555, appActivity=com.flipkart.android.SplashActivity, desired={appPackage=com.flipkart.android, appActivity=com.flipkart.android.SplashActivity, platformVersion=6.0, browserName=Android, platformName=Android, deviceName=Nexus51}, platformVersion=6.0, webStorageEnabled=false, locationContextEnabled=false, takesScreenshot=true, browserName=Android, javascriptEnabled=true, deviceModel=Nexus5, platformName=Android, deviceManufacturer=Genymotion}]
Session ID: 5fecbc82-9b9b-4436-bfa4-3fea060efdc9
	at org.openqa.selenium.remote.ErrorHandler.createThrowable(ErrorHandler.java:216)
	at org.openqa.selenium.remote.ErrorHandler.throwIfResponseFailed(ErrorHandler.java:168)
	at org.openqa.selenium.remote.RemoteWebDriver.execute(RemoteWebDriver.java:635)
	at io.appium.java_client.DefaultGenericMobileDriver.execute(DefaultGenericMobileDriver.java:40)
	at io.appium.java_client.AppiumDriver.execute(AppiumDriver.java:1)
	at io.appium.java_client.android.AndroidDriver.execute(AndroidDriver.java:1)
	at io.appium.java_client.AppiumDriver.performTouchAction(AppiumDriver.java:336)
	at io.appium.java_client.TouchAction.perform(TouchAction.java:323)
	at io.appium.java_client.AppiumDriver.doSwipe(AppiumDriver.java:383)
	at io.appium.java_client.android.AndroidDriver.swipe(AndroidDriver.java:186)
	at com.imaginea.assignment.pages.AbstractScreen.scrollIntoView(AbstractScreen.java:61)
	at com.imaginea.assignment.pages.MobileDetailsScreen.printProductDetails(MobileDetailsScreen.java:25)
	at com.imaginea.assignment.pages.MobilesScreen.navigateToProductDetailsPage(MobilesScreen.java:74)
	at com.imaginea.assignment.specs.MobilesSpec.getMobiles(MobilesSpec.java:40)
... Removed 32 stack frames</pre></div><a href='#' onClick='toggleBox("stack-trace1864387098", this, "Click to show all stack frames", "Click to hide stack frames")'>Click to show all stack frames</a>
<div class='stack-trace' id='stack-trace1864387098'><pre>org.openqa.selenium.WebDriverException: An unknown server-side error occurred while processing the command. (WARNING: The server did not provide any stacktrace information)
Command duration or timeout: 1.66 seconds
Build info: version: &apos;3.0.1&apos;, revision: &apos;1969d75&apos;, time: &apos;2016-10-18 09:49:13 -0700&apos;
System info: host: &apos;PRINHYLTPDL0795&apos;, ip: &apos;192.168.153.1&apos;, os.name: &apos;Windows 8.1&apos;, os.arch: &apos;amd64&apos;, os.version: &apos;6.3&apos;, java.version: &apos;1.8.0_101&apos;
Driver info: io.appium.java_client.android.AndroidDriver
Capabilities [{appPackage=com.flipkart.android, deviceScreenSize=1080x1920, networkConnectionEnabled=true, warnings={}, databaseEnabled=false, deviceName=192.168.19.101:5555, platform=LINUX, deviceUDID=192.168.19.101:5555, appActivity=com.flipkart.android.SplashActivity, desired={appPackage=com.flipkart.android, appActivity=com.flipkart.android.SplashActivity, platformVersion=6.0, browserName=Android, platformName=Android, deviceName=Nexus51}, platformVersion=6.0, webStorageEnabled=false, locationContextEnabled=false, takesScreenshot=true, browserName=Android, javascriptEnabled=true, deviceModel=Nexus5, platformName=Android, deviceManufacturer=Genymotion}]
Session ID: 5fecbc82-9b9b-4436-bfa4-3fea060efdc9
	at sun.reflect.NativeConstructorAccessorImpl.newInstance0(Native Method)
	at sun.reflect.NativeConstructorAccessorImpl.newInstance(NativeConstructorAccessorImpl.java:62)
	at sun.reflect.DelegatingConstructorAccessorImpl.newInstance(DelegatingConstructorAccessorImpl.java:45)
	at java.lang.reflect.Constructor.newInstance(Constructor.java:423)
	at org.openqa.selenium.remote.ErrorHandler.createThrowable(ErrorHandler.java:216)
	at org.openqa.selenium.remote.ErrorHandler.throwIfResponseFailed(ErrorHandler.java:168)
	at org.openqa.selenium.remote.RemoteWebDriver.execute(RemoteWebDriver.java:635)
	at io.appium.java_client.DefaultGenericMobileDriver.execute(DefaultGenericMobileDriver.java:40)
	at io.appium.java_client.AppiumDriver.execute(AppiumDriver.java:1)
	at io.appium.java_client.android.AndroidDriver.execute(AndroidDriver.java:1)
	at io.appium.java_client.AppiumDriver.performTouchAction(AppiumDriver.java:336)
	at io.appium.java_client.TouchAction.perform(TouchAction.java:323)
	at io.appium.java_client.AppiumDriver.doSwipe(AppiumDriver.java:383)
	at io.appium.java_client.android.AndroidDriver.swipe(AndroidDriver.java:186)
	at com.imaginea.assignment.pages.AbstractScreen.scrollIntoView(AbstractScreen.java:61)
	at com.imaginea.assignment.pages.MobileDetailsScreen.printProductDetails(MobileDetailsScreen.java:25)
	at com.imaginea.assignment.pages.MobilesScreen.navigateToProductDetailsPage(MobilesScreen.java:74)
	at com.imaginea.assignment.specs.MobilesSpec.getMobiles(MobilesSpec.java:40)
	at sun.reflect.NativeMethodAccessorImpl.invoke0(Native Method)
	at sun.reflect.NativeMethodAccessorImpl.invoke(NativeMethodAccessorImpl.java:62)
	at sun.reflect.DelegatingMethodAccessorImpl.invoke(DelegatingMethodAccessorImpl.java:43)
	at java.lang.reflect.Method.invoke(Method.java:498)
	at org.testng.internal.MethodInvocationHelper.invokeMethod(MethodInvocationHelper.java:108)
	at org.testng.internal.Invoker.invokeMethod(Invoker.java:661)
	at org.testng.internal.Invoker.invokeTestMethod(Invoker.java:869)
	at org.testng.internal.Invoker.invokeTestMethods(Invoker.java:1193)
	at org.testng.internal.TestMethodWorker.invokeTestMethods(TestMethodWorker.java:126)
	at org.testng.internal.TestMethodWorker.run(TestMethodWorker.java:109)
	at org.testng.TestRunner.privateRun(TestRunner.java:744)
	at org.testng.TestRunner.run(TestRunner.java:602)
	at org.testng.SuiteRunner.runTest(SuiteRunner.java:380)
	at org.testng.SuiteRunner.runSequentially(SuiteRunner.java:375)
	at org.testng.SuiteRunner.privateRun(SuiteRunner.java:340)
	at org.testng.SuiteRunner.run(SuiteRunner.java:289)
	at org.testng.SuiteRunnerWorker.runSuite(SuiteRunnerWorker.java:52)
	at org.testng.SuiteRunnerWorker.run(SuiteRunnerWorker.java:86)
	at org.testng.TestNG.runSuitesSequentially(TestNG.java:1301)
	at org.testng.TestNG.runSuitesLocally(TestNG.java:1226)
	at org.testng.TestNG.runSuites(TestNG.java:1144)
	at org.testng.TestNG.run(TestNG.java:1115)
	at org.apache.maven.surefire.testng.TestNGExecutor.run(TestNGExecutor.java:281)
	at org.apache.maven.surefire.testng.TestNGXmlTestSuite.execute(TestNGXmlTestSuite.java:75)
	at org.apache.maven.surefire.testng.TestNGProvider.invoke(TestNGProvider.java:121)
	at org.apache.maven.surefire.booter.ForkedBooter.invokeProviderInSameClassLoader(ForkedBooter.java:290)
	at org.apache.maven.surefire.booter.ForkedBooter.runSuitesInProcess(ForkedBooter.java:242)
	at org.apache.maven.surefire.booter.ForkedBooter.main(ForkedBooter.java:121)
</pre></div></td>
<td>160</td>
<td>com.imaginea.assignment.specs.MobilesSpec@17550481</td></tr>
</table><p>
</body>
</html>